<?xml version="1.0" encoding="UTF-8"?>
<!-- Generated by org.testng.reporters.JUnitXMLReporter -->
<testsuite ignored="1" hostname="DESKTOP-NAKAUN1" failures="0" tests="2" name="Login_Positive" time="21.843" errors="0" timestamp="12 Feb 2020 11:55:48 GMT">
  <testcase classname="com.midcities.pages.BaseClass" name="@BeforeClass startUp" time="0.0">
    <failure type="java.lang.NullPointerException">
      <![CDATA[java.lang.NullPointerException
at com.midcities.pages.BaseClass.startUp(BaseClass.java:48)
... Removed 26 stack frames]]>
    </failure>
  </testcase> <!-- @BeforeClass startUp -->
  <testcase classname="com.midcities.pages.BaseClass" name="@AfterMethod screenshotHandler" time="0.0">
    <skipped/>
  </testcase> <!-- @AfterMethod screenshotHandler -->
  <testcase classname="com.midcities.pages.BaseClass" name="@AfterClass finish" time="0.0">
    <skipped/>
  </testcase> <!-- @AfterClass finish -->
  <testcase classname="com.midcities.testcases.Login_Positive_Case" name="loginIntoTheApplication" time="0.603"/>
  <testcase classname="com.midcities.testcases.Login_Negative_Case" name="loginNegativeInput" time="0.0">
    <skipped/>
  </testcase> <!-- loginNegativeInput -->
  <testcase classname="com.midcities.pages.BaseClass" name="@BeforeSuite setupSuite" time="0.0">
    <ignored/>
  </testcase> <!-- @BeforeSuite setupSuite -->
</testsuite> <!-- Login_Positive -->
