<?xml version="1.0" encoding="UTF-8"?>
<!-- Generated by org.testng.reporters.JUnitXMLReporter -->
<testsuite ignored="1" hostname="DESKTOP-NAKAUN1" failures="0" tests="2" name="Midcities" time="72.573" errors="0" timestamp="10 Mar 2020 06:57:40 GMT">
  <testcase classname="com.midcities.testcases.Chassis_Positive_Case" name="chassisPositive" time="17.855"/>
  <testcase classname="com.midcities.testcases.Chassis_Negative_Case" name="chassisNegative" time="19.302"/>
  <testcase classname="com.midcities.pages.BaseClass" name="@BeforeSuite setupSuite" time="0.0">
    <ignored/>
  </testcase> <!-- @BeforeSuite setupSuite -->
</testsuite> <!-- Midcities -->
