<?xml version="1.0" encoding="UTF-8"?>
<testng-results ignored="1" total="3" passed="1" failed="0" skipped="1">
  <reporter-output>
  </reporter-output>
  <suite started-at="2020-02-12T11:55:26Z" name="Suite" finished-at="2020-02-12T11:55:48Z" duration-ms="21843">
    <groups>
    </groups>
    <test started-at="2020-02-12T11:55:26Z" name="Login_Positive" finished-at="2020-02-12T11:55:48Z" duration-ms="21843">
      <class name="com.midcities.testcases.Login_Positive_Case">
        <test-method is-config="true" signature="setupSuite()[pri:0, instance:com.midcities.testcases.Login_Positive_Case@416c58f5]" started-at="2020-02-12T11:55:25Z" name="setupSuite" finished-at="2020-02-12T11:55:26Z" duration-ms="1215" status="PASS">
          <reporter-output>
          </reporter-output>
        </test-method> <!-- setupSuite -->
        <test-method is-config="true" signature="startUp()[pri:0, instance:com.midcities.testcases.Login_Positive_Case@416c58f5]" started-at="2020-02-12T11:55:26Z" name="startUp" finished-at="2020-02-12T11:55:41Z" duration-ms="15072" status="PASS">
          <reporter-output>
          </reporter-output>
        </test-method> <!-- startUp -->
        <test-method signature="loginIntoTheApplication()[pri:0, instance:com.midcities.testcases.Login_Positive_Case@416c58f5]" started-at="2020-02-12T11:55:41Z" name="loginIntoTheApplication" finished-at="2020-02-12T11:55:42Z" duration-ms="603" status="PASS">
          <reporter-output>
          </reporter-output>
        </test-method> <!-- loginIntoTheApplication -->
        <test-method is-config="true" signature="screenshotHandler(org.testng.ITestResult)[pri:0, instance:com.midcities.testcases.Login_Positive_Case@416c58f5]" started-at="2020-02-12T11:55:42Z" name="screenshotHandler" finished-at="2020-02-12T11:55:44Z" duration-ms="2224" status="PASS">
          <params>
            <param index="0">
              <value>
                <![CDATA[[TestResult name=loginIntoTheApplication status=SUCCESS method=Login_Positive_Case.loginIntoTheApplication()[pri:0, instance:com.midcities.testcases.Login_Positive_Case@416c58f5] output={null}]]]>
              </value>
            </param>
          </params>
          <reporter-output>
          </reporter-output>
        </test-method> <!-- screenshotHandler -->
        <test-method is-config="true" signature="finish()[pri:0, instance:com.midcities.testcases.Login_Positive_Case@416c58f5]" started-at="2020-02-12T11:55:44Z" name="finish" finished-at="2020-02-12T11:55:48Z" duration-ms="3852" status="PASS">
          <reporter-output>
          </reporter-output>
        </test-method> <!-- finish -->
      </class> <!-- com.midcities.testcases.Login_Positive_Case -->
      <class name="com.midcities.testcases.Login_Negative_Case">
        <test-method is-config="true" signature="startUp()[pri:0, instance:com.midcities.testcases.Login_Negative_Case@5505ae1a]" started-at="2020-02-12T11:55:48Z" name="startUp" finished-at="2020-02-12T11:55:48Z" duration-ms="0" status="FAIL">
          <exception class="java.lang.NullPointerException">
            <full-stacktrace>
              <![CDATA[java.lang.NullPointerException
at com.midcities.pages.BaseClass.startUp(BaseClass.java:48)
at java.base/jdk.internal.reflect.NativeMethodAccessorImpl.invoke0(Native Method)
at java.base/jdk.internal.reflect.NativeMethodAccessorImpl.invoke(NativeMethodAccessorImpl.java:62)
at java.base/jdk.internal.reflect.DelegatingMethodAccessorImpl.invoke(DelegatingMethodAccessorImpl.java:43)
at java.base/java.lang.reflect.Method.invoke(Method.java:567)
at org.testng.internal.MethodInvocationHelper.invokeMethod(MethodInvocationHelper.java:124)
at org.testng.internal.MethodInvocationHelper.invokeMethodConsideringTimeout(MethodInvocationHelper.java:59)
at org.testng.internal.Invoker.invokeConfigurationMethod(Invoker.java:458)
at org.testng.internal.Invoker.invokeConfigurations(Invoker.java:222)
at org.testng.internal.Invoker.invokeConfigurations(Invoker.java:142)
at org.testng.internal.TestMethodWorker.invokeBeforeClassMethods(TestMethodWorker.java:168)
at org.testng.internal.TestMethodWorker.run(TestMethodWorker.java:105)
at org.testng.TestRunner.privateRun(TestRunner.java:648)
at org.testng.TestRunner.run(TestRunner.java:505)
at org.testng.SuiteRunner.runTest(SuiteRunner.java:455)
at org.testng.SuiteRunner.runSequentially(SuiteRunner.java:450)
at org.testng.SuiteRunner.privateRun(SuiteRunner.java:415)
at org.testng.SuiteRunner.run(SuiteRunner.java:364)
at org.testng.SuiteRunnerWorker.runSuite(SuiteRunnerWorker.java:52)
at org.testng.SuiteRunnerWorker.run(SuiteRunnerWorker.java:84)
at org.testng.TestNG.runSuitesSequentially(TestNG.java:1208)
at org.testng.TestNG.runSuitesLocally(TestNG.java:1137)
at org.testng.TestNG.runSuites(TestNG.java:1049)
at org.testng.TestNG.run(TestNG.java:1017)
at org.testng.remote.AbstractRemoteTestNG.run(AbstractRemoteTestNG.java:115)
at org.testng.remote.RemoteTestNG.initAndRun(RemoteTestNG.java:251)
at org.testng.remote.RemoteTestNG.main(RemoteTestNG.java:77)
]]>
            </full-stacktrace>
          </exception> <!-- java.lang.NullPointerException -->
          <reporter-output>
          </reporter-output>
        </test-method> <!-- startUp -->
        <test-method signature="loginNegativeInput()[pri:0, instance:com.midcities.testcases.Login_Negative_Case@5505ae1a]" started-at="2020-02-12T11:55:48Z" name="loginNegativeInput" finished-at="2020-02-12T11:55:48Z" duration-ms="0" status="SKIP">
          <exception class="java.lang.NullPointerException">
            <full-stacktrace>
              <![CDATA[java.lang.NullPointerException
at com.midcities.pages.BaseClass.startUp(BaseClass.java:48)
at java.base/jdk.internal.reflect.NativeMethodAccessorImpl.invoke0(Native Method)
at java.base/jdk.internal.reflect.NativeMethodAccessorImpl.invoke(NativeMethodAccessorImpl.java:62)
at java.base/jdk.internal.reflect.DelegatingMethodAccessorImpl.invoke(DelegatingMethodAccessorImpl.java:43)
at java.base/java.lang.reflect.Method.invoke(Method.java:567)
at org.testng.internal.MethodInvocationHelper.invokeMethod(MethodInvocationHelper.java:124)
at org.testng.internal.MethodInvocationHelper.invokeMethodConsideringTimeout(MethodInvocationHelper.java:59)
at org.testng.internal.Invoker.invokeConfigurationMethod(Invoker.java:458)
at org.testng.internal.Invoker.invokeConfigurations(Invoker.java:222)
at org.testng.internal.Invoker.invokeConfigurations(Invoker.java:142)
at org.testng.internal.TestMethodWorker.invokeBeforeClassMethods(TestMethodWorker.java:168)
at org.testng.internal.TestMethodWorker.run(TestMethodWorker.java:105)
at org.testng.TestRunner.privateRun(TestRunner.java:648)
at org.testng.TestRunner.run(TestRunner.java:505)
at org.testng.SuiteRunner.runTest(SuiteRunner.java:455)
at org.testng.SuiteRunner.runSequentially(SuiteRunner.java:450)
at org.testng.SuiteRunner.privateRun(SuiteRunner.java:415)
at org.testng.SuiteRunner.run(SuiteRunner.java:364)
at org.testng.SuiteRunnerWorker.runSuite(SuiteRunnerWorker.java:52)
at org.testng.SuiteRunnerWorker.run(SuiteRunnerWorker.java:84)
at org.testng.TestNG.runSuitesSequentially(TestNG.java:1208)
at org.testng.TestNG.runSuitesLocally(TestNG.java:1137)
at org.testng.TestNG.runSuites(TestNG.java:1049)
at org.testng.TestNG.run(TestNG.java:1017)
at org.testng.remote.AbstractRemoteTestNG.run(AbstractRemoteTestNG.java:115)
at org.testng.remote.RemoteTestNG.initAndRun(RemoteTestNG.java:251)
at org.testng.remote.RemoteTestNG.main(RemoteTestNG.java:77)
]]>
            </full-stacktrace>
          </exception> <!-- java.lang.NullPointerException -->
          <reporter-output>
          </reporter-output>
        </test-method> <!-- loginNegativeInput -->
        <test-method is-config="true" signature="screenshotHandler(org.testng.ITestResult)[pri:0, instance:com.midcities.testcases.Login_Negative_Case@5505ae1a]" started-at="2020-02-12T11:55:48Z" name="screenshotHandler" finished-at="2020-02-12T11:55:48Z" duration-ms="0" status="SKIP">
          <reporter-output>
          </reporter-output>
        </test-method> <!-- screenshotHandler -->
        <test-method is-config="true" signature="finish()[pri:0, instance:com.midcities.testcases.Login_Negative_Case@5505ae1a]" started-at="2020-02-12T11:55:48Z" name="finish" finished-at="2020-02-12T11:55:48Z" duration-ms="0" status="SKIP">
          <reporter-output>
          </reporter-output>
        </test-method> <!-- finish -->
      </class> <!-- com.midcities.testcases.Login_Negative_Case -->
    </test> <!-- Login_Positive -->
  </suite> <!-- Suite -->
</testng-results>
