<?xml version="1.0" encoding="UTF-8"?>
<testng-results ignored="0" total="1" passed="1" failed="0" skipped="0">
  <reporter-output>
  </reporter-output>
  <suite started-at="2020-04-22T04:17:41Z" name="Default suite" finished-at="2020-04-22T04:18:07Z" duration-ms="25961">
    <groups>
    </groups>
    <test started-at="2020-04-22T04:17:41Z" name="Default test" finished-at="2020-04-22T04:18:07Z" duration-ms="25961">
      <class name="com.midcities.testcases.DriverRates_Positive_Case">
        <test-method is-config="true" signature="setupSuite()[pri:0, instance:com.midcities.testcases.DriverRates_Positive_Case@327b636c]" started-at="2020-04-22T04:17:39Z" name="setupSuite" finished-at="2020-04-22T04:17:41Z" duration-ms="1195" status="PASS">
          <reporter-output>
          </reporter-output>
        </test-method> <!-- setupSuite -->
        <test-method is-config="true" signature="startUp()[pri:0, instance:com.midcities.testcases.DriverRates_Positive_Case@327b636c]" started-at="2020-04-22T04:17:41Z" name="startUp" finished-at="2020-04-22T04:17:56Z" duration-ms="15592" status="PASS">
          <reporter-output>
          </reporter-output>
        </test-method> <!-- startUp -->
        <test-method signature="driverRatesPositive()[pri:0, instance:com.midcities.testcases.DriverRates_Positive_Case@327b636c]" started-at="2020-04-22T04:17:56Z" name="driverRatesPositive" finished-at="2020-04-22T04:18:02Z" duration-ms="6165" status="PASS">
          <reporter-output>
          </reporter-output>
        </test-method> <!-- driverRatesPositive -->
        <test-method is-config="true" signature="screenshotHandler(org.testng.ITestResult)[pri:0, instance:com.midcities.testcases.DriverRates_Positive_Case@327b636c]" started-at="2020-04-22T04:18:02Z" name="screenshotHandler" finished-at="2020-04-22T04:18:04Z" duration-ms="1149" status="PASS">
          <params>
            <param index="0">
              <value>
                <![CDATA[[TestResult name=driverRatesPositive status=SUCCESS method=DriverRates_Positive_Case.driverRatesPositive()[pri:0, instance:com.midcities.testcases.DriverRates_Positive_Case@327b636c] output={null}]]]>
              </value>
            </param>
          </params>
          <reporter-output>
          </reporter-output>
        </test-method> <!-- screenshotHandler -->
        <test-method is-config="true" signature="finish()[pri:0, instance:com.midcities.testcases.DriverRates_Positive_Case@327b636c]" started-at="2020-04-22T04:18:04Z" name="finish" finished-at="2020-04-22T04:18:07Z" duration-ms="3000" status="PASS">
          <reporter-output>
          </reporter-output>
        </test-method> <!-- finish -->
      </class> <!-- com.midcities.testcases.DriverRates_Positive_Case -->
    </test> <!-- Default test -->
  </suite> <!-- Default suite -->
</testng-results>
